<?xml version="1.0" encoding="UTF-8"?>
<testng-results skipped="0" failed="0" ignored="0" total="3" passed="3">
  <reporter-output>
  </reporter-output>
  <suite name="Bankink System Functions Suite" duration-ms="55727" started-at="2018-07-17T02:56:41Z" finished-at="2018-07-17T02:57:37Z">
    <groups>
    </groups>
    <test name="Chrome Test" duration-ms="55727" started-at="2018-07-17T02:56:41Z" finished-at="2018-07-17T02:57:37Z">
      <class name="tests.DemoBankingFunctionsTest">
        <test-method status="PASS" signature="deleteExistingFiles()[pri:0, instance:tests.DemoBankingFunctionsTest@35fb3008]" name="deleteExistingFiles" is-config="true" duration-ms="11" started-at="2018-07-17T02:56:41Z" finished-at="2018-07-17T02:56:41Z">
          <reporter-output>
          </reporter-output>
        </test-method> <!-- deleteExistingFiles -->
        <test-method status="PASS" signature="setUp(java.lang.String)[pri:0, instance:tests.DemoBankingFunctionsTest@35fb3008]" name="setUp" is-config="true" duration-ms="8598" started-at="2018-07-17T02:56:42Z" finished-at="2018-07-17T02:56:50Z">
          <params>
            <param index="0">
              <value>
                <![CDATA[chrome]]>
              </value>
            </param>
          </params>
          <reporter-output>
          </reporter-output>
        </test-method> <!-- setUp -->
        <test-method status="PASS" signature="createNewCustomer(java.lang.String, java.lang.String, java.lang.String, java.lang.String, java.lang.String, java.lang.String, java.lang.String, java.lang.String, java.lang.String)[pri:0, instance:tests.DemoBankingFunctionsTest@35fb3008]" name="createNewCustomer" duration-ms="10434" started-at="2018-07-17T02:56:50Z" data-provider="CustomerData" finished-at="2018-07-17T02:57:01Z">
          <params>
            <param index="0">
              <value>
                <![CDATA[BaileyHC]]>
              </value>
            </param>
            <param index="1">
              <value>
                <![CDATA[09251985]]>
              </value>
            </param>
            <param index="2">
              <value>
                <![CDATA[52 Madden St]]>
              </value>
            </param>
            <param index="3">
              <value>
                <![CDATA[Phoenix]]>
              </value>
            </param>
            <param index="4">
              <value>
                <![CDATA[Arizona]]>
              </value>
            </param>
            <param index="5">
              <value>
                <![CDATA[123456]]>
              </value>
            </param>
            <param index="6">
              <value>
                <![CDATA[10236954]]>
              </value>
            </param>
            <param index="7">
              <value>
                <![CDATA[baileykent@gmail.com]]>
              </value>
            </param>
            <param index="8">
              <value>
                <![CDATA[4GWokhld]]>
              </value>
            </param>
          </params>
          <reporter-output>
          </reporter-output>
        </test-method> <!-- createNewCustomer -->
        <test-method status="PASS" signature="tearDown()[pri:0, instance:tests.DemoBankingFunctionsTest@35fb3008]" name="tearDown" is-config="true" duration-ms="689" started-at="2018-07-17T02:57:01Z" finished-at="2018-07-17T02:57:01Z">
          <reporter-output>
          </reporter-output>
        </test-method> <!-- tearDown -->
        <test-method status="PASS" signature="setUp(java.lang.String)[pri:0, instance:tests.DemoBankingFunctionsTest@35fb3008]" name="setUp" is-config="true" duration-ms="7150" started-at="2018-07-17T02:57:01Z" finished-at="2018-07-17T02:57:09Z">
          <params>
            <param index="0">
              <value>
                <![CDATA[chrome]]>
              </value>
            </param>
          </params>
          <reporter-output>
          </reporter-output>
        </test-method> <!-- setUp -->
        <test-method status="PASS" signature="createNewAccount()[pri:1, instance:tests.DemoBankingFunctionsTest@35fb3008]" name="createNewAccount" duration-ms="10641" started-at="2018-07-17T02:57:09Z" finished-at="2018-07-17T02:57:19Z">
          <reporter-output>
          </reporter-output>
        </test-method> <!-- createNewAccount -->
        <test-method status="PASS" signature="tearDown()[pri:0, instance:tests.DemoBankingFunctionsTest@35fb3008]" name="tearDown" is-config="true" duration-ms="696" started-at="2018-07-17T02:57:19Z" finished-at="2018-07-17T02:57:20Z">
          <reporter-output>
          </reporter-output>
        </test-method> <!-- tearDown -->
        <test-method status="PASS" signature="setUp(java.lang.String)[pri:0, instance:tests.DemoBankingFunctionsTest@35fb3008]" name="setUp" is-config="true" duration-ms="7178" started-at="2018-07-17T02:57:20Z" finished-at="2018-07-17T02:57:27Z">
          <params>
            <param index="0">
              <value>
                <![CDATA[chrome]]>
              </value>
            </param>
          </params>
          <reporter-output>
          </reporter-output>
        </test-method> <!-- setUp -->
        <test-method status="PASS" signature="depositFunction()[pri:2, instance:tests.DemoBankingFunctionsTest@35fb3008]" name="depositFunction" duration-ms="9079" started-at="2018-07-17T02:57:27Z" finished-at="2018-07-17T02:57:36Z">
          <reporter-output>
          </reporter-output>
        </test-method> <!-- depositFunction -->
        <test-method status="PASS" signature="tearDown()[pri:0, instance:tests.DemoBankingFunctionsTest@35fb3008]" name="tearDown" is-config="true" duration-ms="748" started-at="2018-07-17T02:57:36Z" finished-at="2018-07-17T02:57:37Z">
          <reporter-output>
          </reporter-output>
        </test-method> <!-- tearDown -->
      </class> <!-- tests.DemoBankingFunctionsTest -->
    </test> <!-- Chrome Test -->
  </suite> <!-- Bankink System Functions Suite -->
</testng-results>
